[Mon Apr  6 11:27:43 AM CEST 2026] --- Watcher started ---
[Mon Apr  6 11:27:43 AM CEST 2026] Executing deployment check...
[Mon Apr  6 11:27:43 AM CEST 2026] --- Deployment check started ---
From https://github.com/Maiks-AI-Projects/maiks-yt
 * branch            main       -> FETCH_HEAD
[Mon Apr  6 11:27:43 AM CEST 2026] No updates found. Local is up to date.
[Mon Apr  6 11:27:43 AM CEST 2026] --- Deployment check finished ---
[Mon Apr  6 11:32:43 AM CEST 2026] Executing deployment check...
[Mon Apr  6 11:32:43 AM CEST 2026] --- Deployment check started ---
From https://github.com/Maiks-AI-Projects/maiks-yt
 * branch            main       -> FETCH_HEAD
[Mon Apr  6 11:32:49 AM CEST 2026] No updates found. Local is up to date.
[Mon Apr  6 11:32:49 AM CEST 2026] --- Deployment check finished ---
[Mon Apr  6 11:37:49 AM CEST 2026] Executing deployment check...
[Mon Apr  6 11:37:49 AM CEST 2026] --- Deployment check started ---
From https://github.com/Maiks-AI-Projects/maiks-yt
 * branch            main       -> FETCH_HEAD
[Mon Apr  6 11:37:54 AM CEST 2026] No updates found. Local is up to date.
[Mon Apr  6 11:37:54 AM CEST 2026] --- Deployment check finished ---
[Mon Apr  6 11:42:54 AM CEST 2026] Executing deployment check...
[Mon Apr  6 11:42:54 AM CEST 2026] --- Deployment check started ---
From https://github.com/Maiks-AI-Projects/maiks-yt
 * branch            main       -> FETCH_HEAD
[Mon Apr  6 11:42:55 AM CEST 2026] No updates found. Local is up to date.
[Mon Apr  6 11:42:55 AM CEST 2026] --- Deployment check finished ---
[Mon Apr  6 11:47:55 AM CEST 2026] Executing deployment check...
[Mon Apr  6 11:47:55 AM CEST 2026] --- Deployment check started ---
From https://github.com/Maiks-AI-Projects/maiks-yt
 * branch            main       -> FETCH_HEAD
[Mon Apr  6 11:47:55 AM CEST 2026] No updates found. Local is up to date.
[Mon Apr  6 11:47:55 AM CEST 2026] --- Deployment check finished ---
[Mon Apr  6 11:52:55 AM CEST 2026] Executing deployment check...
[Mon Apr  6 11:52:55 AM CEST 2026] --- Deployment check started ---
From https://github.com/Maiks-AI-Projects/maiks-yt
 * branch            main       -> FETCH_HEAD
[Mon Apr  6 11:52:56 AM CEST 2026] No updates found. Local is up to date.
[Mon Apr  6 11:52:56 AM CEST 2026] --- Deployment check finished ---
[Mon Apr  6 11:57:56 AM CEST 2026] Executing deployment check...
[Mon Apr  6 11:57:56 AM CEST 2026] --- Deployment check started ---
From https://github.com/Maiks-AI-Projects/maiks-yt
 * branch            main       -> FETCH_HEAD
[Mon Apr  6 11:57:56 AM CEST 2026] No updates found. Local is up to date.
[Mon Apr  6 11:57:56 AM CEST 2026] --- Deployment check finished ---
[Mon Apr  6 12:02:56 PM CEST 2026] Executing deployment check...
[Mon Apr  6 12:02:56 PM CEST 2026] --- Deployment check started ---
From https://github.com/Maiks-AI-Projects/maiks-yt
 * branch            main       -> FETCH_HEAD
[Mon Apr  6 12:02:56 PM CEST 2026] No updates found. Local is up to date.
[Mon Apr  6 12:02:56 PM CEST 2026] --- Deployment check finished ---
[Mon Apr  6 12:07:56 PM CEST 2026] Executing deployment check...
[Mon Apr  6 12:07:56 PM CEST 2026] --- Deployment check started ---
From https://github.com/Maiks-AI-Projects/maiks-yt
 * branch            main       -> FETCH_HEAD
[Mon Apr  6 12:07:57 PM CEST 2026] No updates found. Local is up to date.
[Mon Apr  6 12:07:57 PM CEST 2026] --- Deployment check finished ---
[Mon Apr  6 12:12:57 PM CEST 2026] Executing deployment check...
[Mon Apr  6 12:12:57 PM CEST 2026] --- Deployment check started ---
From https://github.com/Maiks-AI-Projects/maiks-yt
 * branch            main       -> FETCH_HEAD
[Mon Apr  6 12:12:57 PM CEST 2026] No updates found. Local is up to date.
[Mon Apr  6 12:12:57 PM CEST 2026] --- Deployment check finished ---
[Mon Apr  6 12:17:57 PM CEST 2026] Executing deployment check...
[Mon Apr  6 12:17:57 PM CEST 2026] --- Deployment check started ---
From https://github.com/Maiks-AI-Projects/maiks-yt
 * branch            main       -> FETCH_HEAD
[Mon Apr  6 12:17:58 PM CEST 2026] No updates found. Local is up to date.
[Mon Apr  6 12:17:58 PM CEST 2026] --- Deployment check finished ---
[Mon Apr  6 12:22:58 PM CEST 2026] Executing deployment check...
[Mon Apr  6 12:22:58 PM CEST 2026] --- Deployment check started ---
From https://github.com/Maiks-AI-Projects/maiks-yt
 * branch            main       -> FETCH_HEAD
[Mon Apr  6 12:22:58 PM CEST 2026] No updates found. Local is up to date.
[Mon Apr  6 12:22:58 PM CEST 2026] --- Deployment check finished ---
[Mon Apr  6 12:27:58 PM CEST 2026] Executing deployment check...
[Mon Apr  6 12:27:58 PM CEST 2026] --- Deployment check started ---
From https://github.com/Maiks-AI-Projects/maiks-yt
 * branch            main       -> FETCH_HEAD
[Mon Apr  6 12:27:59 PM CEST 2026] No updates found. Local is up to date.
[Mon Apr  6 12:27:59 PM CEST 2026] --- Deployment check finished ---
[Mon Apr  6 12:32:59 PM CEST 2026] Executing deployment check...
[Mon Apr  6 12:32:59 PM CEST 2026] --- Deployment check started ---
From https://github.com/Maiks-AI-Projects/maiks-yt
 * branch            main       -> FETCH_HEAD
[Mon Apr  6 12:32:59 PM CEST 2026] No updates found. Local is up to date.
[Mon Apr  6 12:32:59 PM CEST 2026] --- Deployment check finished ---
[Mon Apr  6 12:37:59 PM CEST 2026] Executing deployment check...
[Mon Apr  6 12:37:59 PM CEST 2026] --- Deployment check started ---
From https://github.com/Maiks-AI-Projects/maiks-yt
 * branch            main       -> FETCH_HEAD
[Mon Apr  6 12:38:00 PM CEST 2026] No updates found. Local is up to date.
[Mon Apr  6 12:38:00 PM CEST 2026] --- Deployment check finished ---
[Mon Apr  6 12:43:00 PM CEST 2026] Executing deployment check...
[Mon Apr  6 12:43:00 PM CEST 2026] --- Deployment check started ---
From https://github.com/Maiks-AI-Projects/maiks-yt
 * branch            main       -> FETCH_HEAD
[Mon Apr  6 12:43:00 PM CEST 2026] No updates found. Local is up to date.
[Mon Apr  6 12:43:00 PM CEST 2026] --- Deployment check finished ---
[Mon Apr  6 12:48:00 PM CEST 2026] Executing deployment check...
[Mon Apr  6 12:48:00 PM CEST 2026] --- Deployment check started ---
From https://github.com/Maiks-AI-Projects/maiks-yt
 * branch            main       -> FETCH_HEAD
[Mon Apr  6 12:48:01 PM CEST 2026] No updates found. Local is up to date.
[Mon Apr  6 12:48:01 PM CEST 2026] --- Deployment check finished ---
[Mon Apr  6 12:53:01 PM CEST 2026] Executing deployment check...
[Mon Apr  6 12:53:01 PM CEST 2026] --- Deployment check started ---
From https://github.com/Maiks-AI-Projects/maiks-yt
 * branch            main       -> FETCH_HEAD
[Mon Apr  6 12:53:01 PM CEST 2026] No updates found. Local is up to date.
[Mon Apr  6 12:53:01 PM CEST 2026] --- Deployment check finished ---
[Mon Apr  6 12:58:01 PM CEST 2026] Executing deployment check...
[Mon Apr  6 12:58:01 PM CEST 2026] --- Deployment check started ---
From https://github.com/Maiks-AI-Projects/maiks-yt
 * branch            main       -> FETCH_HEAD
[Mon Apr  6 12:58:02 PM CEST 2026] No updates found. Local is up to date.
[Mon Apr  6 12:58:02 PM CEST 2026] --- Deployment check finished ---
[Mon Apr  6 01:03:02 PM CEST 2026] Executing deployment check...
[Mon Apr  6 01:03:02 PM CEST 2026] --- Deployment check started ---
From https://github.com/Maiks-AI-Projects/maiks-yt
 * branch            main       -> FETCH_HEAD
[Mon Apr  6 01:03:02 PM CEST 2026] No updates found. Local is up to date.
[Mon Apr  6 01:03:02 PM CEST 2026] --- Deployment check finished ---
[Mon Apr  6 01:08:02 PM CEST 2026] Executing deployment check...
[Mon Apr  6 01:08:02 PM CEST 2026] --- Deployment check started ---
From https://github.com/Maiks-AI-Projects/maiks-yt
 * branch            main       -> FETCH_HEAD
[Mon Apr  6 01:08:03 PM CEST 2026] No updates found. Local is up to date.
[Mon Apr  6 01:08:03 PM CEST 2026] --- Deployment check finished ---
[Mon Apr  6 01:13:03 PM CEST 2026] Executing deployment check...
[Mon Apr  6 01:13:03 PM CEST 2026] --- Deployment check started ---
From https://github.com/Maiks-AI-Projects/maiks-yt
 * branch            main       -> FETCH_HEAD
[Mon Apr  6 01:13:03 PM CEST 2026] No updates found. Local is up to date.
[Mon Apr  6 01:13:03 PM CEST 2026] --- Deployment check finished ---
[Mon Apr  6 01:18:03 PM CEST 2026] Executing deployment check...
[Mon Apr  6 01:18:03 PM CEST 2026] --- Deployment check started ---
From https://github.com/Maiks-AI-Projects/maiks-yt
 * branch            main       -> FETCH_HEAD
[Mon Apr  6 01:18:04 PM CEST 2026] No updates found. Local is up to date.
[Mon Apr  6 01:18:04 PM CEST 2026] --- Deployment check finished ---
[Mon Apr  6 01:23:04 PM CEST 2026] Executing deployment check...
[Mon Apr  6 01:23:04 PM CEST 2026] --- Deployment check started ---
From https://github.com/Maiks-AI-Projects/maiks-yt
 * branch            main       -> FETCH_HEAD
[Mon Apr  6 01:23:04 PM CEST 2026] No updates found. Local is up to date.
[Mon Apr  6 01:23:04 PM CEST 2026] --- Deployment check finished ---
[Mon Apr  6 01:28:04 PM CEST 2026] Executing deployment check...
[Mon Apr  6 01:28:04 PM CEST 2026] --- Deployment check started ---
From https://github.com/Maiks-AI-Projects/maiks-yt
 * branch            main       -> FETCH_HEAD
[Mon Apr  6 01:28:05 PM CEST 2026] No updates found. Local is up to date.
[Mon Apr  6 01:28:05 PM CEST 2026] --- Deployment check finished ---
[Mon Apr  6 01:33:05 PM CEST 2026] Executing deployment check...
[Mon Apr  6 01:33:05 PM CEST 2026] --- Deployment check started ---
From https://github.com/Maiks-AI-Projects/maiks-yt
 * branch            main       -> FETCH_HEAD
[Mon Apr  6 01:33:05 PM CEST 2026] No updates found. Local is up to date.
[Mon Apr  6 01:33:05 PM CEST 2026] --- Deployment check finished ---
[Mon Apr  6 01:38:05 PM CEST 2026] Executing deployment check...
[Mon Apr  6 01:38:05 PM CEST 2026] --- Deployment check started ---
From https://github.com/Maiks-AI-Projects/maiks-yt
 * branch            main       -> FETCH_HEAD
[Mon Apr  6 01:38:05 PM CEST 2026] No updates found. Local is up to date.
[Mon Apr  6 01:38:05 PM CEST 2026] --- Deployment check finished ---
[Mon Apr  6 01:43:05 PM CEST 2026] Executing deployment check...
[Mon Apr  6 01:43:05 PM CEST 2026] --- Deployment check started ---
From https://github.com/Maiks-AI-Projects/maiks-yt
 * branch            main       -> FETCH_HEAD
[Mon Apr  6 01:43:06 PM CEST 2026] No updates found. Local is up to date.
[Mon Apr  6 01:43:06 PM CEST 2026] --- Deployment check finished ---
[Mon Apr  6 01:48:06 PM CEST 2026] Executing deployment check...
[Mon Apr  6 01:48:06 PM CEST 2026] --- Deployment check started ---
From https://github.com/Maiks-AI-Projects/maiks-yt
 * branch            main       -> FETCH_HEAD
[Mon Apr  6 01:48:06 PM CEST 2026] No updates found. Local is up to date.
[Mon Apr  6 01:48:06 PM CEST 2026] --- Deployment check finished ---
[Mon Apr  6 01:53:06 PM CEST 2026] Executing deployment check...
[Mon Apr  6 01:53:06 PM CEST 2026] --- Deployment check started ---
From https://github.com/Maiks-AI-Projects/maiks-yt
 * branch            main       -> FETCH_HEAD
[Mon Apr  6 01:53:07 PM CEST 2026] No updates found. Local is up to date.
[Mon Apr  6 01:53:07 PM CEST 2026] --- Deployment check finished ---
[Mon Apr  6 01:58:07 PM CEST 2026] Executing deployment check...
[Mon Apr  6 01:58:07 PM CEST 2026] --- Deployment check started ---
From https://github.com/Maiks-AI-Projects/maiks-yt
 * branch            main       -> FETCH_HEAD
[Mon Apr  6 01:58:07 PM CEST 2026] No updates found. Local is up to date.
[Mon Apr  6 01:58:07 PM CEST 2026] --- Deployment check finished ---
[Mon Apr  6 02:03:07 PM CEST 2026] Executing deployment check...
[Mon Apr  6 02:03:07 PM CEST 2026] --- Deployment check started ---
From https://github.com/Maiks-AI-Projects/maiks-yt
 * branch            main       -> FETCH_HEAD
[Mon Apr  6 02:03:07 PM CEST 2026] No updates found. Local is up to date.
[Mon Apr  6 02:03:07 PM CEST 2026] --- Deployment check finished ---
[Mon Apr  6 02:08:07 PM CEST 2026] Executing deployment check...
[Mon Apr  6 02:08:07 PM CEST 2026] --- Deployment check started ---
From https://github.com/Maiks-AI-Projects/maiks-yt
 * branch            main       -> FETCH_HEAD
[Mon Apr  6 02:08:08 PM CEST 2026] No updates found. Local is up to date.
[Mon Apr  6 02:08:08 PM CEST 2026] --- Deployment check finished ---
[Mon Apr  6 02:13:08 PM CEST 2026] Executing deployment check...
[Mon Apr  6 02:13:08 PM CEST 2026] --- Deployment check started ---
From https://github.com/Maiks-AI-Projects/maiks-yt
 * branch            main       -> FETCH_HEAD
[Mon Apr  6 02:13:08 PM CEST 2026] No updates found. Local is up to date.
[Mon Apr  6 02:13:08 PM CEST 2026] --- Deployment check finished ---
[Mon Apr  6 02:18:08 PM CEST 2026] Executing deployment check...
[Mon Apr  6 02:18:08 PM CEST 2026] --- Deployment check started ---
From https://github.com/Maiks-AI-Projects/maiks-yt
 * branch            main       -> FETCH_HEAD
[Mon Apr  6 02:18:08 PM CEST 2026] No updates found. Local is up to date.
[Mon Apr  6 02:18:08 PM CEST 2026] --- Deployment check finished ---
[Mon Apr  6 02:23:08 PM CEST 2026] Executing deployment check...
[Mon Apr  6 02:23:08 PM CEST 2026] --- Deployment check started ---
From https://github.com/Maiks-AI-Projects/maiks-yt
 * branch            main       -> FETCH_HEAD
[Mon Apr  6 02:23:09 PM CEST 2026] No updates found. Local is up to date.
[Mon Apr  6 02:23:09 PM CEST 2026] --- Deployment check finished ---
[Mon Apr  6 02:28:09 PM CEST 2026] Executing deployment check...
[Mon Apr  6 02:28:09 PM CEST 2026] --- Deployment check started ---
From https://github.com/Maiks-AI-Projects/maiks-yt
 * branch            main       -> FETCH_HEAD
[Mon Apr  6 02:28:09 PM CEST 2026] No updates found. Local is up to date.
[Mon Apr  6 02:28:09 PM CEST 2026] --- Deployment check finished ---
[Mon Apr  6 02:33:09 PM CEST 2026] Executing deployment check...
[Mon Apr  6 02:33:09 PM CEST 2026] --- Deployment check started ---
From https://github.com/Maiks-AI-Projects/maiks-yt
 * branch            main       -> FETCH_HEAD
[Mon Apr  6 02:33:10 PM CEST 2026] No updates found. Local is up to date.
[Mon Apr  6 02:33:10 PM CEST 2026] --- Deployment check finished ---
[Mon Apr  6 02:38:10 PM CEST 2026] Executing deployment check...
[Mon Apr  6 02:38:10 PM CEST 2026] --- Deployment check started ---
From https://github.com/Maiks-AI-Projects/maiks-yt
 * branch            main       -> FETCH_HEAD
[Mon Apr  6 02:38:10 PM CEST 2026] No updates found. Local is up to date.
[Mon Apr  6 02:38:10 PM CEST 2026] --- Deployment check finished ---
[Mon Apr  6 02:43:10 PM CEST 2026] Executing deployment check...
[Mon Apr  6 02:43:10 PM CEST 2026] --- Deployment check started ---
From https://github.com/Maiks-AI-Projects/maiks-yt
 * branch            main       -> FETCH_HEAD
[Mon Apr  6 02:43:11 PM CEST 2026] No updates found. Local is up to date.
[Mon Apr  6 02:43:11 PM CEST 2026] --- Deployment check finished ---
[Mon Apr  6 02:48:11 PM CEST 2026] Executing deployment check...
[Mon Apr  6 02:48:11 PM CEST 2026] --- Deployment check started ---
From https://github.com/Maiks-AI-Projects/maiks-yt
 * branch            main       -> FETCH_HEAD
[Mon Apr  6 02:48:11 PM CEST 2026] No updates found. Local is up to date.
[Mon Apr  6 02:48:11 PM CEST 2026] --- Deployment check finished ---
